  [1m[36m (7.8ms)[0m  [1mCREATE TABLE "schema_migrations" ("version" varchar NOT NULL) [0m
  [1m[35m (0.1ms)[0m  select sqlite_version(*)
  [1m[36m (0.7ms)[0m  [1mCREATE UNIQUE INDEX "unique_schema_migrations" ON "schema_migrations" ("version")[0m
  [1m[35mActiveRecord::SchemaMigration Load (0.0ms)[0m  SELECT "schema_migrations".* FROM "schema_migrations"
  [1m[36mActiveRecord::SchemaMigration Load (0.0ms)[0m  [1mSELECT "schema_migrations".* FROM "schema_migrations"[0m
  [1m[36m (1.9ms)[0m  [1mCREATE TABLE "schema_migrations" ("version" varchar NOT NULL) [0m
  [1m[35m (0.0ms)[0m  select sqlite_version(*)
  [1m[36m (0.7ms)[0m  [1mCREATE UNIQUE INDEX "unique_schema_migrations" ON "schema_migrations" ("version")[0m
  [1m[35m (0.1ms)[0m  SELECT version FROM "schema_migrations"
  [1m[36m (0.5ms)[0m  [1mINSERT INTO "schema_migrations" (version) VALUES ('0')[0m
  [1m[36mActiveRecord::SchemaMigration Load (0.1ms)[0m  [1mSELECT "schema_migrations".* FROM "schema_migrations"[0m
  [1m[36mActiveRecord::SchemaMigration Load (0.1ms)[0m  [1mSELECT "schema_migrations".* FROM "schema_migrations"[0m
Migrating to CreateContentBuilders (20160426125046)
  [1m[35m (0.0ms)[0m  begin transaction
  [1m[36m (0.2ms)[0m  [1mCREATE TABLE "content_builders" ("id" INTEGER PRIMARY KEY AUTOINCREMENT NOT NULL, "title" varchar, "date_publish" datetime, "content" text, "status" boolean DEFAULT 'f', "created_at" datetime NOT NULL, "updated_at" datetime NOT NULL) [0m
  [1m[35mSQL (0.1ms)[0m  INSERT INTO "schema_migrations" ("version") VALUES (?)  [["version", "20160426125046"]]
  [1m[36m (3.3ms)[0m  [1mcommit transaction[0m
Migrating to CreateContentBuilderImages (20160426125047)
  [1m[35m (0.1ms)[0m  begin transaction
  [1m[36m (0.2ms)[0m  [1mCREATE TABLE "content_builder_images" ("id" INTEGER PRIMARY KEY AUTOINCREMENT NOT NULL, "image" varchar, "content_builder_id" integer, "created_at" datetime NOT NULL, "updated_at" datetime NOT NULL) [0m
  [1m[35m (0.0ms)[0m  select sqlite_version(*)
  [1m[36m (0.1ms)[0m  [1mCREATE  INDEX "index_content_builder_images_on_content_builder_id" ON "content_builder_images" ("content_builder_id")[0m
  [1m[35mSQL (0.1ms)[0m  INSERT INTO "schema_migrations" ("version") VALUES (?)  [["version", "20160426125047"]]
  [1m[36m (0.8ms)[0m  [1mcommit transaction[0m
  [1m[35mActiveRecord::SchemaMigration Load (0.1ms)[0m  SELECT "schema_migrations".* FROM "schema_migrations"
  [1m[36m (0.1ms)[0m  [1m            SELECT sql
            FROM sqlite_master
            WHERE name='index_content_builder_images_on_content_builder_id' AND type='index'
            UNION ALL
            SELECT sql
            FROM sqlite_temp_master
            WHERE name='index_content_builder_images_on_content_builder_id' AND type='index'
[0m
  [1m[36m (6.6ms)[0m  [1mCREATE TABLE "content_builder_images" ("id" INTEGER PRIMARY KEY AUTOINCREMENT NOT NULL, "image" varchar, "content_builder_id" integer, "created_at" datetime NOT NULL, "updated_at" datetime NOT NULL) [0m
  [1m[35m (0.1ms)[0m  select sqlite_version(*)
  [1m[36m (0.8ms)[0m  [1mCREATE  INDEX "index_content_builder_images_on_content_builder_id" ON "content_builder_images" ("content_builder_id")[0m
  [1m[35m (0.8ms)[0m  CREATE TABLE "content_builders" ("id" INTEGER PRIMARY KEY AUTOINCREMENT NOT NULL, "title" varchar, "date_publish" datetime, "content" text, "status" boolean DEFAULT 'f', "created_at" datetime NOT NULL, "updated_at" datetime NOT NULL) 
  [1m[36m (0.8ms)[0m  [1mCREATE TABLE "schema_migrations" ("version" varchar NOT NULL) [0m
  [1m[35m (0.8ms)[0m  CREATE UNIQUE INDEX "unique_schema_migrations" ON "schema_migrations" ("version")
  [1m[36m (0.0ms)[0m  [1mSELECT version FROM "schema_migrations"[0m
  [1m[35m (0.5ms)[0m  INSERT INTO "schema_migrations" (version) VALUES ('20160426125047')
  [1m[36m (0.5ms)[0m  [1mINSERT INTO "schema_migrations" (version) VALUES ('20160426125046')[0m
  [1m[36mActiveRecord::SchemaMigration Load (0.1ms)[0m  [1mSELECT "schema_migrations".* FROM "schema_migrations"[0m
  [1m[35mActiveRecord::SchemaMigration Load (0.1ms)[0m  SELECT "schema_migrations".* FROM "schema_migrations"
  [1m[36m (0.4ms)[0m  [1m            SELECT sql
            FROM sqlite_master
            WHERE name='index_content_builder_images_on_content_builder_id' AND type='index'
            UNION ALL
            SELECT sql
            FROM sqlite_temp_master
            WHERE name='index_content_builder_images_on_content_builder_id' AND type='index'
[0m
  [1m[36m (1.9ms)[0m  [1mCREATE TABLE "content_builder_images" ("id" INTEGER PRIMARY KEY AUTOINCREMENT NOT NULL, "image" varchar, "content_builder_id" integer, "created_at" datetime NOT NULL, "updated_at" datetime NOT NULL) [0m
  [1m[35m (0.1ms)[0m  select sqlite_version(*)
  [1m[36m (1.0ms)[0m  [1mCREATE  INDEX "index_content_builder_images_on_content_builder_id" ON "content_builder_images" ("content_builder_id")[0m
  [1m[35m (0.8ms)[0m  CREATE TABLE "content_builders" ("id" INTEGER PRIMARY KEY AUTOINCREMENT NOT NULL, "title" varchar, "date_publish" datetime, "content" text, "status" boolean DEFAULT 'f', "created_at" datetime NOT NULL, "updated_at" datetime NOT NULL) 
  [1m[36m (0.8ms)[0m  [1mCREATE TABLE "schema_migrations" ("version" varchar NOT NULL) [0m
  [1m[35m (0.8ms)[0m  CREATE UNIQUE INDEX "unique_schema_migrations" ON "schema_migrations" ("version")
  [1m[36m (0.0ms)[0m  [1mSELECT version FROM "schema_migrations"[0m
  [1m[35m (0.6ms)[0m  INSERT INTO "schema_migrations" (version) VALUES ('20160426125047')
  [1m[36m (0.5ms)[0m  [1mINSERT INTO "schema_migrations" (version) VALUES ('20160426125046')[0m
  [1m[36m (2.9ms)[0m  [1mCREATE TABLE "schema_migrations" ("version" varchar NOT NULL) [0m
  [1m[35m (0.1ms)[0m  select sqlite_version(*)
  [1m[36m (0.8ms)[0m  [1mCREATE UNIQUE INDEX "unique_schema_migrations" ON "schema_migrations" ("version")[0m
  [1m[35mActiveRecord::SchemaMigration Load (0.1ms)[0m  SELECT "schema_migrations".* FROM "schema_migrations"
Migrating to CreateContentBuilders (20160426125046)
  [1m[36m (0.1ms)[0m  [1mbegin transaction[0m
  [1m[35m (0.2ms)[0m  CREATE TABLE "content_builders" ("id" INTEGER PRIMARY KEY AUTOINCREMENT NOT NULL, "title" varchar, "date_publish" datetime, "content" text, "status" boolean DEFAULT 'f', "created_at" datetime NOT NULL, "updated_at" datetime NOT NULL) 
  [1m[36mSQL (0.1ms)[0m  [1mINSERT INTO "schema_migrations" ("version") VALUES (?)[0m  [["version", "20160426125046"]]
  [1m[35m (1.7ms)[0m  commit transaction
Migrating to CreateContentBuilderImages (20160426125047)
  [1m[36m (0.0ms)[0m  [1mbegin transaction[0m
  [1m[35m (0.1ms)[0m  CREATE TABLE "content_builder_images" ("id" INTEGER PRIMARY KEY AUTOINCREMENT NOT NULL, "image" varchar, "content_builder_id" integer, "created_at" datetime NOT NULL, "updated_at" datetime NOT NULL) 
  [1m[36m (0.1ms)[0m  [1mCREATE  INDEX "index_content_builder_images_on_content_builder_id" ON "content_builder_images" ("content_builder_id")[0m
  [1m[35mSQL (0.1ms)[0m  INSERT INTO "schema_migrations" ("version") VALUES (?)  [["version", "20160426125047"]]
  [1m[36m (0.8ms)[0m  [1mcommit transaction[0m
  [1m[35mActiveRecord::SchemaMigration Load (0.0ms)[0m  SELECT "schema_migrations".* FROM "schema_migrations"
  [1m[36m (0.1ms)[0m  [1m            SELECT sql
            FROM sqlite_master
            WHERE name='index_content_builder_images_on_content_builder_id' AND type='index'
            UNION ALL
            SELECT sql
            FROM sqlite_temp_master
            WHERE name='index_content_builder_images_on_content_builder_id' AND type='index'
[0m
  [1m[36m (2.6ms)[0m  [1mCREATE TABLE "content_builder_images" ("id" INTEGER PRIMARY KEY AUTOINCREMENT NOT NULL, "image" varchar, "content_builder_id" integer, "created_at" datetime NOT NULL, "updated_at" datetime NOT NULL) [0m
  [1m[35m (0.1ms)[0m  select sqlite_version(*)
  [1m[36m (0.9ms)[0m  [1mCREATE  INDEX "index_content_builder_images_on_content_builder_id" ON "content_builder_images" ("content_builder_id")[0m
  [1m[35m (0.9ms)[0m  CREATE TABLE "content_builders" ("id" INTEGER PRIMARY KEY AUTOINCREMENT NOT NULL, "title" varchar, "date_publish" datetime, "content" text, "status" boolean DEFAULT 'f', "created_at" datetime NOT NULL, "updated_at" datetime NOT NULL) 
  [1m[36m (0.9ms)[0m  [1mCREATE TABLE "schema_migrations" ("version" varchar NOT NULL) [0m
  [1m[35m (0.8ms)[0m  CREATE UNIQUE INDEX "unique_schema_migrations" ON "schema_migrations" ("version")
  [1m[36m (0.0ms)[0m  [1mSELECT version FROM "schema_migrations"[0m
  [1m[35m (0.5ms)[0m  INSERT INTO "schema_migrations" (version) VALUES ('20160426125047')
  [1m[36m (0.5ms)[0m  [1mINSERT INTO "schema_migrations" (version) VALUES ('20160426125046')[0m
  [1m[35m (0.8ms)[0m  CREATE TABLE "content_builder_images" ("id" INTEGER PRIMARY KEY AUTOINCREMENT NOT NULL, "image" varchar, "content_builder_id" integer, "created_at" datetime NOT NULL, "updated_at" datetime NOT NULL) 
  [1m[36m (0.0ms)[0m  [1mselect sqlite_version(*)[0m
  [1m[35m (0.7ms)[0m  CREATE  INDEX "index_content_builder_images_on_content_builder_id" ON "content_builder_images" ("content_builder_id")
  [1m[36m (0.7ms)[0m  [1mCREATE TABLE "content_builders" ("id" INTEGER PRIMARY KEY AUTOINCREMENT NOT NULL, "title" varchar, "date_publish" datetime, "content" text, "status" boolean DEFAULT 'f', "created_at" datetime NOT NULL, "updated_at" datetime NOT NULL) [0m
  [1m[35m (0.7ms)[0m  CREATE TABLE "schema_migrations" ("version" varchar NOT NULL) 
  [1m[36m (0.8ms)[0m  [1mCREATE UNIQUE INDEX "unique_schema_migrations" ON "schema_migrations" ("version")[0m
  [1m[35m (0.0ms)[0m  SELECT version FROM "schema_migrations"
  [1m[36m (0.5ms)[0m  [1mINSERT INTO "schema_migrations" (version) VALUES ('20160426125047')[0m
  [1m[35m (0.5ms)[0m  INSERT INTO "schema_migrations" (version) VALUES ('20160426125046')
  [1m[36mActiveRecord::SchemaMigration Load (0.1ms)[0m  [1mSELECT "schema_migrations".* FROM "schema_migrations"[0m
  [1m[36m (1.7ms)[0m  [1mCREATE TABLE "schema_migrations" ("version" varchar NOT NULL) [0m
  [1m[35m (0.1ms)[0m  select sqlite_version(*)
  [1m[36m (0.7ms)[0m  [1mCREATE UNIQUE INDEX "unique_schema_migrations" ON "schema_migrations" ("version")[0m
  [1m[35mActiveRecord::SchemaMigration Load (0.1ms)[0m  SELECT "schema_migrations".* FROM "schema_migrations"
Migrating to CreateContentBuilders (20160426125046)
  [1m[36m (0.1ms)[0m  [1mbegin transaction[0m
  [1m[35m (0.2ms)[0m  CREATE TABLE "content_builders" ("id" INTEGER PRIMARY KEY AUTOINCREMENT NOT NULL, "title" varchar, "date_publish" datetime, "content" text, "status" boolean DEFAULT 'f', "created_at" datetime NOT NULL, "updated_at" datetime NOT NULL) 
  [1m[36mSQL (0.1ms)[0m  [1mINSERT INTO "schema_migrations" ("version") VALUES (?)[0m  [["version", "20160426125046"]]
  [1m[35m (1.0ms)[0m  commit transaction
Migrating to CreateContentBuilderImages (20160426125047)
  [1m[36m (0.0ms)[0m  [1mbegin transaction[0m
  [1m[35m (0.2ms)[0m  CREATE TABLE "content_builder_images" ("id" INTEGER PRIMARY KEY AUTOINCREMENT NOT NULL, "image" varchar, "content_builder_id" integer, "created_at" datetime NOT NULL, "updated_at" datetime NOT NULL) 
  [1m[36m (0.1ms)[0m  [1mCREATE  INDEX "index_content_builder_images_on_content_builder_id" ON "content_builder_images" ("content_builder_id")[0m
  [1m[35mSQL (0.1ms)[0m  INSERT INTO "schema_migrations" ("version") VALUES (?)  [["version", "20160426125047"]]
  [1m[36m (0.7ms)[0m  [1mcommit transaction[0m
  [1m[35mActiveRecord::SchemaMigration Load (0.0ms)[0m  SELECT "schema_migrations".* FROM "schema_migrations"
  [1m[36m (0.4ms)[0m  [1m            SELECT sql
            FROM sqlite_master
            WHERE name='index_content_builder_images_on_content_builder_id' AND type='index'
            UNION ALL
            SELECT sql
            FROM sqlite_temp_master
            WHERE name='index_content_builder_images_on_content_builder_id' AND type='index'
[0m
  [1m[36m (2.1ms)[0m  [1mCREATE TABLE "content_builder_images" ("id" INTEGER PRIMARY KEY AUTOINCREMENT NOT NULL, "image" varchar, "content_builder_id" integer, "created_at" datetime NOT NULL, "updated_at" datetime NOT NULL) [0m
  [1m[35m (0.1ms)[0m  select sqlite_version(*)
  [1m[36m (0.8ms)[0m  [1mCREATE  INDEX "index_content_builder_images_on_content_builder_id" ON "content_builder_images" ("content_builder_id")[0m
  [1m[35m (1.0ms)[0m  CREATE TABLE "content_builders" ("id" INTEGER PRIMARY KEY AUTOINCREMENT NOT NULL, "title" varchar, "date_publish" datetime, "content" text, "status" boolean DEFAULT 'f', "created_at" datetime NOT NULL, "updated_at" datetime NOT NULL) 
  [1m[36m (1.5ms)[0m  [1mCREATE TABLE "schema_migrations" ("version" varchar NOT NULL) [0m
  [1m[35m (0.9ms)[0m  CREATE UNIQUE INDEX "unique_schema_migrations" ON "schema_migrations" ("version")
  [1m[36m (0.1ms)[0m  [1mSELECT version FROM "schema_migrations"[0m
  [1m[35m (0.6ms)[0m  INSERT INTO "schema_migrations" (version) VALUES ('20160426125047')
  [1m[36m (0.5ms)[0m  [1mINSERT INTO "schema_migrations" (version) VALUES ('20160426125046')[0m
  [1m[36mActiveRecord::SchemaMigration Load (0.1ms)[0m  [1mSELECT "schema_migrations".* FROM "schema_migrations"[0m
  [1m[35mActiveRecord::SchemaMigration Load (0.1ms)[0m  SELECT "schema_migrations".* FROM "schema_migrations"
  [1m[36m (0.1ms)[0m  [1m            SELECT sql
            FROM sqlite_master
            WHERE name='index_content_builder_images_on_content_builder_id' AND type='index'
            UNION ALL
            SELECT sql
            FROM sqlite_temp_master
            WHERE name='index_content_builder_images_on_content_builder_id' AND type='index'
[0m
  [1m[36mActiveRecord::SchemaMigration Load (0.1ms)[0m  [1mSELECT "schema_migrations".* FROM "schema_migrations"[0m
  [1m[35mActiveRecord::SchemaMigration Load (0.0ms)[0m  SELECT "schema_migrations".* FROM "schema_migrations"
  [1m[36m (0.1ms)[0m  [1m            SELECT sql
            FROM sqlite_master
            WHERE name='index_content_builder_images_on_content_builder_id' AND type='index'
            UNION ALL
            SELECT sql
            FROM sqlite_temp_master
            WHERE name='index_content_builder_images_on_content_builder_id' AND type='index'
[0m
  [1m[36m (6.2ms)[0m  [1mCREATE TABLE "content_builder_images" ("id" INTEGER PRIMARY KEY AUTOINCREMENT NOT NULL, "image" varchar, "content_builder_id" integer, "created_at" datetime NOT NULL, "updated_at" datetime NOT NULL) [0m
  [1m[35m (0.1ms)[0m  select sqlite_version(*)
  [1m[36m (1.0ms)[0m  [1mCREATE  INDEX "index_content_builder_images_on_content_builder_id" ON "content_builder_images" ("content_builder_id")[0m
  [1m[35m (0.9ms)[0m  CREATE TABLE "content_builders" ("id" INTEGER PRIMARY KEY AUTOINCREMENT NOT NULL, "title" varchar, "date_publish" datetime, "content" text, "status" boolean DEFAULT 'f', "created_at" datetime NOT NULL, "updated_at" datetime NOT NULL) 
  [1m[36m (0.8ms)[0m  [1mCREATE TABLE "schema_migrations" ("version" varchar NOT NULL) [0m
  [1m[35m (0.8ms)[0m  CREATE UNIQUE INDEX "unique_schema_migrations" ON "schema_migrations" ("version")
  [1m[36m (0.0ms)[0m  [1mSELECT version FROM "schema_migrations"[0m
  [1m[35m (0.6ms)[0m  INSERT INTO "schema_migrations" (version) VALUES ('20160426125047')
  [1m[36m (0.5ms)[0m  [1mINSERT INTO "schema_migrations" (version) VALUES ('20160426125046')[0m
  [1m[36m (7.9ms)[0m  [1mCREATE TABLE "content_builder_images" ("id" INTEGER PRIMARY KEY AUTOINCREMENT NOT NULL, "image" varchar, "content_builder_id" integer, "created_at" datetime NOT NULL, "updated_at" datetime NOT NULL) [0m
  [1m[35m (0.1ms)[0m  select sqlite_version(*)
  [1m[36m (0.8ms)[0m  [1mCREATE  INDEX "index_content_builder_images_on_content_builder_id" ON "content_builder_images" ("content_builder_id")[0m
  [1m[35m (1.0ms)[0m  CREATE TABLE "content_builders" ("id" INTEGER PRIMARY KEY AUTOINCREMENT NOT NULL, "title" varchar, "date_publish" datetime, "content" text, "status" boolean DEFAULT 'f', "created_at" datetime NOT NULL, "updated_at" datetime NOT NULL) 
  [1m[36m (0.8ms)[0m  [1mCREATE TABLE "schema_migrations" ("version" varchar NOT NULL) [0m
  [1m[35m (0.7ms)[0m  CREATE UNIQUE INDEX "unique_schema_migrations" ON "schema_migrations" ("version")
  [1m[36m (0.0ms)[0m  [1mSELECT version FROM "schema_migrations"[0m
  [1m[35m (0.5ms)[0m  INSERT INTO "schema_migrations" (version) VALUES ('20160426125047')
  [1m[36m (0.5ms)[0m  [1mINSERT INTO "schema_migrations" (version) VALUES ('20160426125046')[0m
  [1m[36m (1.8ms)[0m  [1mCREATE TABLE "content_builder_images" ("id" INTEGER PRIMARY KEY AUTOINCREMENT NOT NULL, "image" varchar, "content_builder_id" integer, "created_at" datetime NOT NULL, "updated_at" datetime NOT NULL) [0m
  [1m[35m (0.1ms)[0m  select sqlite_version(*)
  [1m[36m (0.8ms)[0m  [1mCREATE  INDEX "index_content_builder_images_on_content_builder_id" ON "content_builder_images" ("content_builder_id")[0m
  [1m[35m (0.8ms)[0m  CREATE TABLE "content_builders" ("id" INTEGER PRIMARY KEY AUTOINCREMENT NOT NULL, "title" varchar, "date_publish" datetime, "content" text, "status" boolean DEFAULT 'f', "created_at" datetime NOT NULL, "updated_at" datetime NOT NULL) 
  [1m[36m (0.7ms)[0m  [1mCREATE TABLE "schema_migrations" ("version" varchar NOT NULL) [0m
  [1m[35m (0.8ms)[0m  CREATE UNIQUE INDEX "unique_schema_migrations" ON "schema_migrations" ("version")
  [1m[36m (0.0ms)[0m  [1mSELECT version FROM "schema_migrations"[0m
  [1m[35m (0.5ms)[0m  INSERT INTO "schema_migrations" (version) VALUES ('20160426125047')
  [1m[36m (0.5ms)[0m  [1mINSERT INTO "schema_migrations" (version) VALUES ('20160426125046')[0m
  [1m[36m (2.1ms)[0m  [1mCREATE TABLE "content_builder_images" ("id" INTEGER PRIMARY KEY AUTOINCREMENT NOT NULL, "image" varchar, "content_builder_id" integer, "created_at" datetime NOT NULL, "updated_at" datetime NOT NULL) [0m
  [1m[35m (0.1ms)[0m  select sqlite_version(*)
  [1m[36m (1.0ms)[0m  [1mCREATE  INDEX "index_content_builder_images_on_content_builder_id" ON "content_builder_images" ("content_builder_id")[0m
  [1m[35m (0.8ms)[0m  CREATE TABLE "content_builders" ("id" INTEGER PRIMARY KEY AUTOINCREMENT NOT NULL, "title" varchar, "date_publish" datetime, "content" text, "status" boolean DEFAULT 'f', "created_at" datetime NOT NULL, "updated_at" datetime NOT NULL) 
  [1m[36m (0.9ms)[0m  [1mCREATE TABLE "schema_migrations" ("version" varchar NOT NULL) [0m
  [1m[35m (0.8ms)[0m  CREATE UNIQUE INDEX "unique_schema_migrations" ON "schema_migrations" ("version")
  [1m[36m (0.0ms)[0m  [1mSELECT version FROM "schema_migrations"[0m
  [1m[35m (0.6ms)[0m  INSERT INTO "schema_migrations" (version) VALUES ('20160426125047')
  [1m[36m (0.7ms)[0m  [1mINSERT INTO "schema_migrations" (version) VALUES ('20160426125046')[0m
  [1m[36m (6.8ms)[0m  [1mCREATE TABLE "content_builder_images" ("id" INTEGER PRIMARY KEY AUTOINCREMENT NOT NULL, "image" varchar, "content_builder_id" integer, "created_at" datetime NOT NULL, "updated_at" datetime NOT NULL) [0m
  [1m[35m (0.1ms)[0m  select sqlite_version(*)
  [1m[36m (0.8ms)[0m  [1mCREATE  INDEX "index_content_builder_images_on_content_builder_id" ON "content_builder_images" ("content_builder_id")[0m
  [1m[35m (1.0ms)[0m  CREATE TABLE "content_builders" ("id" INTEGER PRIMARY KEY AUTOINCREMENT NOT NULL, "title" varchar, "date_publish" datetime, "content" text, "status" boolean DEFAULT 'f', "created_at" datetime NOT NULL, "updated_at" datetime NOT NULL) 
  [1m[36m (0.8ms)[0m  [1mCREATE TABLE "schema_migrations" ("version" varchar NOT NULL) [0m
  [1m[35m (0.8ms)[0m  CREATE UNIQUE INDEX "unique_schema_migrations" ON "schema_migrations" ("version")
  [1m[36m (0.1ms)[0m  [1mSELECT version FROM "schema_migrations"[0m
  [1m[35m (0.7ms)[0m  INSERT INTO "schema_migrations" (version) VALUES ('20160426125047')
  [1m[36mActiveRecord::SchemaMigration Load (0.1ms)[0m  [1mSELECT "schema_migrations".* FROM "schema_migrations"[0m
Migrating to CreateContentBuilders (20160426205618)
  [1m[35m (0.1ms)[0m  begin transaction
  [1m[36m (0.1ms)[0m  [1mCREATE TABLE "content_builders" ("id" INTEGER PRIMARY KEY AUTOINCREMENT NOT NULL, "title" varchar, "date_publish" datetime, "content" text, "status" boolean DEFAULT 'f', "slug" varchar, "created_at" datetime NOT NULL, "updated_at" datetime NOT NULL) [0m
  [1m[35m (0.0ms)[0m  rollback transaction
  [1m[36m (7.2ms)[0m  [1mCREATE TABLE "schema_migrations" ("version" varchar NOT NULL) [0m
  [1m[35m (0.1ms)[0m  select sqlite_version(*)
  [1m[36m (0.9ms)[0m  [1mCREATE UNIQUE INDEX "unique_schema_migrations" ON "schema_migrations" ("version")[0m
  [1m[35mActiveRecord::SchemaMigration Load (0.1ms)[0m  SELECT "schema_migrations".* FROM "schema_migrations"
Migrating to CreateContentBuilders (20160426205618)
  [1m[36m (0.1ms)[0m  [1mbegin transaction[0m
  [1m[35m (0.2ms)[0m  CREATE TABLE "content_builders" ("id" INTEGER PRIMARY KEY AUTOINCREMENT NOT NULL, "title" varchar, "date_publish" datetime, "content" text, "status" boolean DEFAULT 'f', "slug" varchar, "created_at" datetime NOT NULL, "updated_at" datetime NOT NULL) 
  [1m[36mSQL (0.1ms)[0m  [1mINSERT INTO "schema_migrations" ("version") VALUES (?)[0m  [["version", "20160426205618"]]
  [1m[35m (1.0ms)[0m  commit transaction
Migrating to CreateContentBuilderImages (20160426205619)
  [1m[36m (0.0ms)[0m  [1mbegin transaction[0m
  [1m[35m (0.2ms)[0m  CREATE TABLE "content_builder_images" ("id" INTEGER PRIMARY KEY AUTOINCREMENT NOT NULL, "image" varchar, "content_builder_id" integer, "created_at" datetime NOT NULL, "updated_at" datetime NOT NULL) 
  [1m[36m (0.1ms)[0m  [1mCREATE  INDEX "index_content_builder_images_on_content_builder_id" ON "content_builder_images" ("content_builder_id")[0m
  [1m[35mSQL (0.1ms)[0m  INSERT INTO "schema_migrations" ("version") VALUES (?)  [["version", "20160426205619"]]
  [1m[36m (0.9ms)[0m  [1mcommit transaction[0m
Migrating to CreateContentBuilderRelateds (20160426205620)
  [1m[35m (0.0ms)[0m  begin transaction
  [1m[36m (0.1ms)[0m  [1mCREATE TABLE "content_builder_relateds" ("id" INTEGER PRIMARY KEY AUTOINCREMENT NOT NULL, "content_builder_id" integer, "content_builder_related_id" integer, "created_at" datetime NOT NULL, "updated_at" datetime NOT NULL) [0m
  [1m[35mSQL (0.1ms)[0m  INSERT INTO "schema_migrations" ("version") VALUES (?)  [["version", "20160426205620"]]
  [1m[36m (0.7ms)[0m  [1mcommit transaction[0m
  [1m[35mActiveRecord::SchemaMigration Load (0.1ms)[0m  SELECT "schema_migrations".* FROM "schema_migrations"
  [1m[36m (0.1ms)[0m  [1m            SELECT sql
            FROM sqlite_master
            WHERE name='index_content_builder_images_on_content_builder_id' AND type='index'
            UNION ALL
            SELECT sql
            FROM sqlite_temp_master
            WHERE name='index_content_builder_images_on_content_builder_id' AND type='index'
[0m
  [1m[36m (218.0ms)[0m  [1mCREATE TABLE "content_builder_images" ("id" INTEGER PRIMARY KEY AUTOINCREMENT NOT NULL, "image" varchar, "content_builder_id" integer, "created_at" datetime NOT NULL, "updated_at" datetime NOT NULL) [0m
  [1m[35m (0.1ms)[0m  select sqlite_version(*)
  [1m[36m (77.4ms)[0m  [1mCREATE  INDEX "index_content_builder_images_on_content_builder_id" ON "content_builder_images" ("content_builder_id")[0m
  [1m[35m (127.3ms)[0m  CREATE TABLE "content_builder_relateds" ("id" INTEGER PRIMARY KEY AUTOINCREMENT NOT NULL, "content_builder_id" integer, "content_builder_related_id" integer, "created_at" datetime NOT NULL, "updated_at" datetime NOT NULL) 
  [1m[36m (187.6ms)[0m  [1mCREATE TABLE "content_builders" ("id" INTEGER PRIMARY KEY AUTOINCREMENT NOT NULL, "title" varchar, "date_publish" datetime, "content" text, "status" boolean DEFAULT 'f', "slug" varchar, "created_at" datetime NOT NULL, "updated_at" datetime NOT NULL) [0m
  [1m[35m (77.7ms)[0m  CREATE TABLE "schema_migrations" ("version" varchar NOT NULL) 
  [1m[36m (99.4ms)[0m  [1mCREATE UNIQUE INDEX "unique_schema_migrations" ON "schema_migrations" ("version")[0m
  [1m[35m (0.1ms)[0m  SELECT version FROM "schema_migrations"
  [1m[36m (79.5ms)[0m  [1mINSERT INTO "schema_migrations" (version) VALUES ('20160426205620')[0m
  [1m[35m (79.9ms)[0m  INSERT INTO "schema_migrations" (version) VALUES ('20160426205619')
  [1m[36m (79.9ms)[0m  [1mINSERT INTO "schema_migrations" (version) VALUES ('20160426205618')[0m
  [1m[36m (2.6ms)[0m  [1mCREATE TABLE "content_builder_images" ("id" INTEGER PRIMARY KEY AUTOINCREMENT NOT NULL, "image" varchar, "content_builder_id" integer, "created_at" datetime NOT NULL, "updated_at" datetime NOT NULL) [0m
  [1m[35m (0.1ms)[0m  select sqlite_version(*)
  [1m[36m (1.0ms)[0m  [1mCREATE  INDEX "index_content_builder_images_on_content_builder_id" ON "content_builder_images" ("content_builder_id")[0m
  [1m[35m (0.8ms)[0m  CREATE TABLE "content_builder_relateds" ("id" INTEGER PRIMARY KEY AUTOINCREMENT NOT NULL, "content_builder_id" integer, "content_builder_related_id" integer, "created_at" datetime NOT NULL, "updated_at" datetime NOT NULL) 
  [1m[36m (0.9ms)[0m  [1mCREATE TABLE "content_builders" ("id" INTEGER PRIMARY KEY AUTOINCREMENT NOT NULL, "title" varchar, "date_publish" datetime, "content" text, "status" boolean DEFAULT 'f', "slug" varchar, "created_at" datetime NOT NULL, "updated_at" datetime NOT NULL) [0m
  [1m[35m (0.9ms)[0m  CREATE TABLE "schema_migrations" ("version" varchar NOT NULL) 
  [1m[36m (0.7ms)[0m  [1mCREATE UNIQUE INDEX "unique_schema_migrations" ON "schema_migrations" ("version")[0m
  [1m[35m (0.0ms)[0m  SELECT version FROM "schema_migrations"
  [1m[36m (0.6ms)[0m  [1mINSERT INTO "schema_migrations" (version) VALUES ('20160426205620')[0m
  [1m[35m (0.6ms)[0m  INSERT INTO "schema_migrations" (version) VALUES ('20160426205619')
  [1m[36m (0.5ms)[0m  [1mINSERT INTO "schema_migrations" (version) VALUES ('20160426205618')[0m
